# JRE version: Java(TM) SE Runtime Environment (8.0_301-b09) (build 1.8.0_301-b09)
# Java VM: Java HotSpot(TM) 64-Bit Server VM (25.301-b09 mixed mode windows-amd64 compressed oops)
Heap:
 PSYoungGen      total 574464K, used 116147K [0x00000000d5580000, 0x0000000100000000, 0x0000000100000000)
  eden space 505344K, 22% used [0x00000000d5580000,0x00000000dc6ecf08,0x00000000f4300000)
  from space 69120K, 0% used [0x00000000f9f80000,0x00000000f9f80000,0x00000000fe300000)
  to   space 94720K, 29% used [0x00000000f4300000,0x00000000f5e314b8,0x00000000f9f80000)
 ParOldGen       total 252416K, used 252168K [0x0000000080000000, 0x000000008f680000, 0x00000000d5580000)
  object space 252416K, 99% used [0x0000000080000000,0x000000008f642230,0x000000008f680000)
 Metaspace       used 97991K, capacity 102240K, committed 102784K, reserved 1138688K
  class space    used 13212K, capacity 14136K, committed 14208K, reserved 1048576K
GC Heap History (10 events):
Event: 39.894 GC heap before
{Heap before GC invocations=18 (full 3):
 PSYoungGen      total 495104K, used 89716K [0x00000000d5580000, 0x00000000f8c80000, 0x0000000100000000)
  eden space 435712K, 9% used [0x00000000d5580000,0x00000000d7da1098,0x00000000eff00000)
  from space 59392K, 81% used [0x00000000f3e80000,0x00000000f6dfc2e0,0x00000000f7880000)
  to   space 65024K, 0% used [0x00000000eff00000,0x00000000eff00000,0x00000000f3e80000)
 ParOldGen       total 231936K, used 126166K [0x0000000080000000, 0x000000008e280000, 0x00000000d5580000)
  object space 231936K, 54% used [0x0000000080000000,0x0000000087b35838,0x000000008e280000)
 Metaspace       used 94075K, capacity 98498K, committed 98560K, reserved 1134592K
  class space    used 12734K, capacity 13655K, committed 13696K, reserved 1048576K
Event: 39.910 GC heap after
Heap after GC invocations=18 (full 3):
 PSYoungGen      total 500736K, used 48544K [0x00000000d5580000, 0x00000000fe300000, 0x0000000100000000)
  eden space 435712K, 0% used [0x00000000d5580000,0x00000000d5580000,0x00000000eff00000)
  from space 65024K, 74% used [0x00000000eff00000,0x00000000f2e682b8,0x00000000f3e80000)
  to   space 69120K, 0% used [0x00000000f9f80000,0x00000000f9f80000,0x00000000fe300000)
 ParOldGen       total 231936K, used 126174K [0x0000000080000000, 0x000000008e280000, 0x00000000d5580000)
  object space 231936K, 54% used [0x0000000080000000,0x0000000087b37838,0x000000008e280000)
 Metaspace       used 94075K, capacity 98498K, committed 98560K, reserved 1134592K
  class space    used 12734K, capacity 13655K, committed 13696K, reserved 1048576K
}
Event: 39.910 GC heap before
{Heap before GC invocations=19 (full 4):
 PSYoungGen      total 500736K, used 48544K [0x00000000d5580000, 0x00000000fe300000, 0x0000000100000000)
  eden space 435712K, 0% used [0x00000000d5580000,0x00000000d5580000,0x00000000eff00000)
  from space 65024K, 74% used [0x00000000eff00000,0x00000000f2e682b8,0x00000000f3e80000)
  to   space 69120K, 0% used [0x00000000f9f80000,0x00000000f9f80000,0x00000000fe300000)
 ParOldGen       total 231936K, used 126174K [0x0000000080000000, 0x000000008e280000, 0x00000000d5580000)
  object space 231936K, 54% used [0x0000000080000000,0x0000000087b37838,0x000000008e280000)
 Metaspace       used 94075K, capacity 98498K, committed 98560K, reserved 1134592K
  class space    used 12734K, capacity 13655K, committed 13696K, reserved 1048576K
Event: 40.170 GC heap after
Heap after GC invocations=19 (full 4):
 PSYoungGen      total 500736K, used 0K [0x00000000d5580000, 0x00000000fe300000, 0x0000000100000000)
  eden space 435712K, 0% used [0x00000000d5580000,0x00000000d5580000,0x00000000eff00000)
  from space 65024K, 0% used [0x00000000eff00000,0x00000000eff00000,0x00000000f3e80000)
  to   space 69120K, 0% used [0x00000000f9f80000,0x00000000f9f80000,0x00000000fe300000)
 ParOldGen       total 231936K, used 142434K [0x0000000080000000, 0x000000008e280000, 0x00000000d5580000)
  object space 231936K, 61% used [0x0000000080000000,0x0000000088b189d8,0x000000008e280000)
 Metaspace       used 93797K, capacity 97694K, committed 98560K, reserved 1134592K
  class space    used 12646K, capacity 13502K, committed 13696K, reserved 1048576K
}
Event: 42.041 GC heap before
{Heap before GC invocations=20 (full 4):
 PSYoungGen      total 500736K, used 435712K [0x00000000d5580000, 0x00000000fe300000, 0x0000000100000000)
  eden space 435712K, 100% used [0x00000000d5580000,0x00000000eff00000,0x00000000eff00000)
  from space 65024K, 0% used [0x00000000eff00000,0x00000000eff00000,0x00000000f3e80000)
  to   space 69120K, 0% used [0x00000000f9f80000,0x00000000f9f80000,0x00000000fe300000)
 ParOldGen       total 231936K, used 142434K [0x0000000080000000, 0x000000008e280000, 0x00000000d5580000)
  object space 231936K, 61% used [0x0000000080000000,0x0000000088b189d8,0x000000008e280000)
 Metaspace       used 94758K, capacity 98774K, committed 99456K, reserved 1134592K
  class space    used 12785K, capacity 13663K, committed 13824K, reserved 1048576K
Event: 42.093 GC heap after
Heap after GC invocations=20 (full 4):
 PSYoungGen      total 574464K, used 69111K [0x00000000d5580000, 0x0000000100000000, 0x0000000100000000)
  eden space 505344K, 0% used [0x00000000d5580000,0x00000000d5580000,0x00000000f4300000)
  from space 69120K, 99% used [0x00000000f9f80000,0x00000000fe2fdd38,0x00000000fe300000)
  to   space 94720K, 0% used [0x00000000f4300000,0x00000000f4300000,0x00000000f9f80000)
 ParOldGen       total 231936K, used 182366K [0x0000000080000000, 0x000000008e280000, 0x00000000d5580000)
  object space 231936K, 78% used [0x0000000080000000,0x000000008b217be8,0x000000008e280000)
 Metaspace       used 94758K, capacity 98774K, committed 99456K, reserved 1134592K
  class space    used 12785K, capacity 13663K, committed 13824K, reserved 1048576K
}
Event: 43.497 GC heap before
{Heap before GC invocations=21 (full 4):
 PSYoungGen      total 574464K, used 574455K [0x00000000d5580000, 0x0000000100000000, 0x0000000100000000)
  eden space 505344K, 100% used [0x00000000d5580000,0x00000000f4300000,0x00000000f4300000)
  from space 69120K, 99% used [0x00000000f9f80000,0x00000000fe2fdd38,0x00000000fe300000)
  to   space 94720K, 0% used [0x00000000f4300000,0x00000000f4300000,0x00000000f9f80000)
 ParOldGen       total 231936K, used 182366K [0x0000000080000000, 0x000000008e280000, 0x00000000d5580000)
  object space 231936K, 78% used [0x0000000080000000,0x000000008b217be8,0x000000008e280000)
 Metaspace       used 98036K, capacity 102414K, committed 102784K, reserved 1138688K
  class space    used 13230K, capacity 14173K, committed 14208K, reserved 1048576K
Event: 43.725 GC heap after
Heap after GC invocations=21 (full 4):
 PSYoungGen      total 574464K, used 574455K [0x00000000d5580000, 0x0000000100000000, 0x0000000100000000)
  eden space 505344K, 100% used [0x00000000d5580000,0x00000000f4300000,0x00000000f4300000)
  from space 69120K, 99% used [0x00000000f9f80000,0x00000000fe2fdd38,0x00000000fe300000)
  to   space 94720K, 99% used [0x00000000f4300000,0x00000000f9f7f198,0x00000000f9f80000)
 ParOldGen       total 252416K, used 252408K [0x0000000080000000, 0x000000008f680000, 0x00000000d5580000)
  object space 252416K, 99% used [0x0000000080000000,0x000000008f67e3c0,0x000000008f680000)
 Metaspace       used 98036K, capacity 102414K, committed 102784K, reserved 1138688K
  class space    used 13230K, capacity 14173K, committed 14208K, reserved 1048576K
}
Event: 43.725 GC heap before
{Heap before GC invocations=22 (full 5):
 PSYoungGen      total 574464K, used 574455K [0x00000000d5580000, 0x0000000100000000, 0x0000000100000000)
  eden space 505344K, 100% used [0x00000000d5580000,0x00000000f4300000,0x00000000f4300000)
  from space 69120K, 99% used [0x00000000f9f80000,0x00000000fe2fdd38,0x00000000fe300000)
  to   space 94720K, 99% used [0x00000000f4300000,0x00000000f9f7f198,0x00000000f9f80000)
 ParOldGen       total 252416K, used 252408K [0x0000000080000000, 0x000000008f680000, 0x00000000d5580000)
  object space 252416K, 99% used [0x0000000080000000,0x000000008f67e3c0,0x000000008f680000)
 Metaspace       used 98036K, capacity 102414K, committed 102784K, reserved 1138688K
  class space    used 13230K, capacity 14173K, committed 14208K, reserved 1048576K
Event: 44.404 GC heap after
Heap after GC invocations=22 (full 5):
 PSYoungGen      total 574464K, used 0K [0x00000000d5580000, 0x0000000100000000, 0x0000000100000000)
  eden space 505344K, 0% used [0x00000000d5580000,0x00000000d5580000,0x00000000f4300000)
  from space 69120K, 0% used [0x00000000f9f80000,0x00000000f9f80000,0x00000000fe300000)
  to   space 94720K, 29% used [0x00000000f4300000,0x00000000f5e314b8,0x00000000f9f80000)
 ParOldGen       total 252416K, used 252168K [0x0000000080000000, 0x000000008f680000, 0x00000000d5580000)
  object space 252416K, 99% used [0x0000000080000000,0x000000008f642230,0x000000008f680000)
 Metaspace       used 97970K, capacity 102232K, committed 102784K, reserved 1138688K
  class space    used 13209K, capacity 14136K, committed 14208K, reserved 1048576K
}

