# JRE version: Java(TM) SE Runtime Environment (8.0_301-b09) (build 1.8.0_301-b09)
# Java VM: Java HotSpot(TM) 64-Bit Server VM (25.301-b09 mixed mode windows-amd64 compressed oops)
Heap:
 PSYoungGen      total 219136K, used 26103K [0x00000000d5580000, 0x00000000e4080000, 0x0000000100000000)
  eden space 204800K, 12% used [0x00000000d5580000,0x00000000d6efdf48,0x00000000e1d80000)
  from space 14336K, 0% used [0x00000000e2b00000,0x00000000e2b00000,0x00000000e3900000)
  to   space 13824K, 0% used [0x00000000e1d80000,0x00000000e1d80000,0x00000000e2b00000)
 ParOldGen       total 155136K, used 14827K [0x0000000080000000, 0x0000000089780000, 0x00000000d5580000)
  object space 155136K, 9% used [0x0000000080000000,0x0000000080e7ad30,0x0000000089780000)
 Metaspace       used 35207K, capacity 36536K, committed 36864K, reserved 1081344K
  class space    used 4958K, capacity 5267K, committed 5376K, reserved 1048576K
GC Heap History (10 events):
Event: 1.833 GC heap before
{Heap before GC invocations=4 (full 0):
 PSYoungGen      total 75776K, used 32492K [0x00000000d5580000, 0x00000000de980000, 0x0000000100000000)
  eden space 65024K, 33% used [0x00000000d5580000,0x00000000d6ac1828,0x00000000d9500000)
  from space 10752K, 99% used [0x00000000d9500000,0x00000000d9f79870,0x00000000d9f80000)
  to   space 10752K, 0% used [0x00000000ddf00000,0x00000000ddf00000,0x00000000de980000)
 ParOldGen       total 173568K, used 194K [0x0000000080000000, 0x000000008a980000, 0x00000000d5580000)
  object space 173568K, 0% used [0x0000000080000000,0x0000000080030880,0x000000008a980000)
 Metaspace       used 20425K, capacity 21132K, committed 21248K, reserved 1067008K
  class space    used 3019K, capacity 3246K, committed 3328K, reserved 1048576K
Event: 1.839 GC heap after
Heap after GC invocations=4 (full 0):
 PSYoungGen      total 140800K, used 8614K [0x00000000d5580000, 0x00000000de980000, 0x0000000100000000)
  eden space 130048K, 0% used [0x00000000d5580000,0x00000000d5580000,0x00000000dd480000)
  from space 10752K, 80% used [0x00000000ddf00000,0x00000000de7699d8,0x00000000de980000)
  to   space 10752K, 0% used [0x00000000dd480000,0x00000000dd480000,0x00000000ddf00000)
 ParOldGen       total 173568K, used 202K [0x0000000080000000, 0x000000008a980000, 0x00000000d5580000)
  object space 173568K, 0% used [0x0000000080000000,0x0000000080032880,0x000000008a980000)
 Metaspace       used 20425K, capacity 21132K, committed 21248K, reserved 1067008K
  class space    used 3019K, capacity 3246K, committed 3328K, reserved 1048576K
}
Event: 1.839 GC heap before
{Heap before GC invocations=5 (full 1):
 PSYoungGen      total 140800K, used 8614K [0x00000000d5580000, 0x00000000de980000, 0x0000000100000000)
  eden space 130048K, 0% used [0x00000000d5580000,0x00000000d5580000,0x00000000dd480000)
  from space 10752K, 80% used [0x00000000ddf00000,0x00000000de7699d8,0x00000000de980000)
  to   space 10752K, 0% used [0x00000000dd480000,0x00000000dd480000,0x00000000ddf00000)
 ParOldGen       total 173568K, used 202K [0x0000000080000000, 0x000000008a980000, 0x00000000d5580000)
  object space 173568K, 0% used [0x0000000080000000,0x0000000080032880,0x000000008a980000)
 Metaspace       used 20425K, capacity 21132K, committed 21248K, reserved 1067008K
  class space    used 3019K, capacity 3246K, committed 3328K, reserved 1048576K
Event: 1.861 GC heap after
Heap after GC invocations=5 (full 1):
 PSYoungGen      total 140800K, used 0K [0x00000000d5580000, 0x00000000de980000, 0x0000000100000000)
  eden space 130048K, 0% used [0x00000000d5580000,0x00000000d5580000,0x00000000dd480000)
  from space 10752K, 0% used [0x00000000ddf00000,0x00000000ddf00000,0x00000000de980000)
  to   space 10752K, 0% used [0x00000000dd480000,0x00000000dd480000,0x00000000ddf00000)
 ParOldGen       total 100352K, used 8414K [0x0000000080000000, 0x0000000086200000, 0x00000000d5580000)
  object space 100352K, 8% used [0x0000000080000000,0x0000000080837bf0,0x0000000086200000)
 Metaspace       used 20425K, capacity 21132K, committed 21248K, reserved 1067008K
  class space    used 3019K, capacity 3246K, committed 3328K, reserved 1048576K
}
Event: 2.669 GC heap before
{Heap before GC invocations=6 (full 1):
 PSYoungGen      total 140800K, used 130048K [0x00000000d5580000, 0x00000000de980000, 0x0000000100000000)
  eden space 130048K, 100% used [0x00000000d5580000,0x00000000dd480000,0x00000000dd480000)
  from space 10752K, 0% used [0x00000000ddf00000,0x00000000ddf00000,0x00000000de980000)
  to   space 10752K, 0% used [0x00000000dd480000,0x00000000dd480000,0x00000000ddf00000)
 ParOldGen       total 100352K, used 8414K [0x0000000080000000, 0x0000000086200000, 0x00000000d5580000)
  object space 100352K, 8% used [0x0000000080000000,0x0000000080837bf0,0x0000000086200000)
 Metaspace       used 33323K, capacity 34520K, committed 34688K, reserved 1079296K
  class space    used 4664K, capacity 4933K, committed 4992K, reserved 1048576K
Event: 2.679 GC heap after
Heap after GC invocations=6 (full 1):
 PSYoungGen      total 140800K, used 10734K [0x00000000d5580000, 0x00000000e3900000, 0x0000000100000000)
  eden space 130048K, 0% used [0x00000000d5580000,0x00000000d5580000,0x00000000dd480000)
  from space 10752K, 99% used [0x00000000dd480000,0x00000000ddefb940,0x00000000ddf00000)
  to   space 14336K, 0% used [0x00000000e2b00000,0x00000000e2b00000,0x00000000e3900000)
 ParOldGen       total 100352K, used 11029K [0x0000000080000000, 0x0000000086200000, 0x00000000d5580000)
  object space 100352K, 10% used [0x0000000080000000,0x0000000080ac56c0,0x0000000086200000)
 Metaspace       used 33323K, capacity 34520K, committed 34688K, reserved 1079296K
  class space    used 4664K, capacity 4933K, committed 4992K, reserved 1048576K
}
Event: 2.803 GC heap before
{Heap before GC invocations=7 (full 1):
 PSYoungGen      total 140800K, used 40849K [0x00000000d5580000, 0x00000000e3900000, 0x0000000100000000)
  eden space 130048K, 23% used [0x00000000d5580000,0x00000000d72e8c10,0x00000000dd480000)
  from space 10752K, 99% used [0x00000000dd480000,0x00000000ddefb940,0x00000000ddf00000)
  to   space 14336K, 0% used [0x00000000e2b00000,0x00000000e2b00000,0x00000000e3900000)
 ParOldGen       total 100352K, used 11029K [0x0000000080000000, 0x0000000086200000, 0x00000000d5580000)
  object space 100352K, 10% used [0x0000000080000000,0x0000000080ac56c0,0x0000000086200000)
 Metaspace       used 34067K, capacity 35372K, committed 35416K, reserved 1079296K
  class space    used 4770K, capacity 5081K, committed 5120K, reserved 1048576K
Event: 2.808 GC heap after
Heap after GC invocations=7 (full 1):
 PSYoungGen      total 219136K, used 7999K [0x00000000d5580000, 0x00000000e4080000, 0x0000000100000000)
  eden space 204800K, 0% used [0x00000000d5580000,0x00000000d5580000,0x00000000e1d80000)
  from space 14336K, 55% used [0x00000000e2b00000,0x00000000e32cfef0,0x00000000e3900000)
  to   space 13824K, 0% used [0x00000000e1d80000,0x00000000e1d80000,0x00000000e2b00000)
 ParOldGen       total 100352K, used 11037K [0x0000000080000000, 0x0000000086200000, 0x00000000d5580000)
  object space 100352K, 10% used [0x0000000080000000,0x0000000080ac76c0,0x0000000086200000)
 Metaspace       used 34067K, capacity 35372K, committed 35416K, reserved 1079296K
  class space    used 4770K, capacity 5081K, committed 5120K, reserved 1048576K
}
Event: 2.808 GC heap before
{Heap before GC invocations=8 (full 2):
 PSYoungGen      total 219136K, used 7999K [0x00000000d5580000, 0x00000000e4080000, 0x0000000100000000)
  eden space 204800K, 0% used [0x00000000d5580000,0x00000000d5580000,0x00000000e1d80000)
  from space 14336K, 55% used [0x00000000e2b00000,0x00000000e32cfef0,0x00000000e3900000)
  to   space 13824K, 0% used [0x00000000e1d80000,0x00000000e1d80000,0x00000000e2b00000)
 ParOldGen       total 100352K, used 11037K [0x0000000080000000, 0x0000000086200000, 0x00000000d5580000)
  object space 100352K, 10% used [0x0000000080000000,0x0000000080ac76c0,0x0000000086200000)
 Metaspace       used 34067K, capacity 35372K, committed 35416K, reserved 1079296K
  class space    used 4770K, capacity 5081K, committed 5120K, reserved 1048576K
Event: 2.839 GC heap after
Heap after GC invocations=8 (full 2):
 PSYoungGen      total 219136K, used 0K [0x00000000d5580000, 0x00000000e4080000, 0x0000000100000000)
  eden space 204800K, 0% used [0x00000000d5580000,0x00000000d5580000,0x00000000e1d80000)
  from space 14336K, 0% used [0x00000000e2b00000,0x00000000e2b00000,0x00000000e3900000)
  to   space 13824K, 0% used [0x00000000e1d80000,0x00000000e1d80000,0x00000000e2b00000)
 ParOldGen       total 155136K, used 14827K [0x0000000080000000, 0x0000000089780000, 0x00000000d5580000)
  object space 155136K, 9% used [0x0000000080000000,0x0000000080e7ad30,0x0000000089780000)
 Metaspace       used 34067K, capacity 35372K, committed 35416K, reserved 1079296K
  class space    used 4770K, capacity 5081K, committed 5120K, reserved 1048576K
}

