# JRE version: Java(TM) SE Runtime Environment (8.0_301-b09) (build 1.8.0_301-b09)
# Java VM: Java HotSpot(TM) 64-Bit Server VM (25.301-b09 mixed mode windows-amd64 compressed oops)
Heap:
 PSYoungGen      total 118784K, used 54713K [0x00000000d5580000, 0x00000000de480000, 0x0000000100000000)
  eden space 99328K, 55% used [0x00000000d5580000,0x00000000d8aee738,0x00000000db680000)
  from space 19456K, 0% used [0x00000000db680000,0x00000000db680000,0x00000000dc980000)
  to   space 22016K, 0% used [0x00000000dcf00000,0x00000000dcf00000,0x00000000de480000)
 ParOldGen       total 382976K, used 30027K [0x0000000080000000, 0x0000000097600000, 0x00000000d5580000)
  object space 382976K, 7% used [0x0000000080000000,0x0000000081d52ee0,0x0000000097600000)
 Metaspace       used 55616K, capacity 58050K, committed 58316K, reserved 1101824K
  class space    used 7580K, capacity 8126K, committed 8140K, reserved 1048576K
GC Heap History (10 events):
Event: 19.065 GC heap before
{Heap before GC invocations=11 (full 3):
 PSYoungGen      total 113664K, used 102400K [0x00000000d5580000, 0x00000000dcf80000, 0x0000000100000000)
  eden space 102400K, 100% used [0x00000000d5580000,0x00000000db980000,0x00000000db980000)
  from space 11264K, 0% used [0x00000000db980000,0x00000000db980000,0x00000000dc480000)
  to   space 10240K, 0% used [0x00000000dc580000,0x00000000dc580000,0x00000000dcf80000)
 ParOldGen       total 98816K, used 13020K [0x0000000080000000, 0x0000000086080000, 0x00000000d5580000)
  object space 98816K, 13% used [0x0000000080000000,0x0000000080cb70f8,0x0000000086080000)
 Metaspace       used 36771K, capacity 38288K, committed 38400K, reserved 1087488K
  class space    used 5198K, capacity 5569K, committed 5632K, reserved 1048576K
Event: 19.070 GC heap after
Heap after GC invocations=11 (full 3):
 PSYoungGen      total 112128K, used 8647K [0x00000000d5580000, 0x00000000dd680000, 0x0000000100000000)
  eden space 101888K, 0% used [0x00000000d5580000,0x00000000d5580000,0x00000000db900000)
  from space 10240K, 84% used [0x00000000dc580000,0x00000000dcdf1c90,0x00000000dcf80000)
  to   space 12800K, 0% used [0x00000000db900000,0x00000000db900000,0x00000000dc580000)
 ParOldGen       total 98816K, used 13028K [0x0000000080000000, 0x0000000086080000, 0x00000000d5580000)
  object space 98816K, 13% used [0x0000000080000000,0x0000000080cb90f8,0x0000000086080000)
 Metaspace       used 36771K, capacity 38288K, committed 38400K, reserved 1087488K
  class space    used 5198K, capacity 5569K, committed 5632K, reserved 1048576K
}
Event: 19.911 GC heap before
{Heap before GC invocations=12 (full 3):
 PSYoungGen      total 112128K, used 110535K [0x00000000d5580000, 0x00000000dd680000, 0x0000000100000000)
  eden space 101888K, 100% used [0x00000000d5580000,0x00000000db900000,0x00000000db900000)
  from space 10240K, 84% used [0x00000000dc580000,0x00000000dcdf1c90,0x00000000dcf80000)
  to   space 12800K, 0% used [0x00000000db900000,0x00000000db900000,0x00000000dc580000)
 ParOldGen       total 98816K, used 13028K [0x0000000080000000, 0x0000000086080000, 0x00000000d5580000)
  object space 98816K, 13% used [0x0000000080000000,0x0000000080cb90f8,0x0000000086080000)
 Metaspace       used 40284K, capacity 42354K, committed 42496K, reserved 1089536K
  class space    used 5665K, capacity 6125K, committed 6144K, reserved 1048576K
Event: 19.921 GC heap after
Heap after GC invocations=12 (full 3):
 PSYoungGen      total 114688K, used 12781K [0x00000000d5580000, 0x00000000dd780000, 0x0000000100000000)
  eden space 101888K, 0% used [0x00000000d5580000,0x00000000d5580000,0x00000000db900000)
  from space 12800K, 99% used [0x00000000db900000,0x00000000dc57b7f0,0x00000000dc580000)
  to   space 14336K, 0% used [0x00000000dc980000,0x00000000dc980000,0x00000000dd780000)
 ParOldGen       total 98816K, used 13529K [0x0000000080000000, 0x0000000086080000, 0x00000000d5580000)
  object space 98816K, 13% used [0x0000000080000000,0x0000000080d36580,0x0000000086080000)
 Metaspace       used 40284K, capacity 42354K, committed 42496K, reserved 1089536K
  class space    used 5665K, capacity 6125K, committed 6144K, reserved 1048576K
}
Event: 20.798 GC heap before
{Heap before GC invocations=13 (full 3):
 PSYoungGen      total 114688K, used 114669K [0x00000000d5580000, 0x00000000dd780000, 0x0000000100000000)
  eden space 101888K, 100% used [0x00000000d5580000,0x00000000db900000,0x00000000db900000)
  from space 12800K, 99% used [0x00000000db900000,0x00000000dc57b7f0,0x00000000dc580000)
  to   space 14336K, 0% used [0x00000000dc980000,0x00000000dc980000,0x00000000dd780000)
 ParOldGen       total 98816K, used 13529K [0x0000000080000000, 0x0000000086080000, 0x00000000d5580000)
  object space 98816K, 13% used [0x0000000080000000,0x0000000080d36580,0x0000000086080000)
 Metaspace       used 50501K, capacity 52852K, committed 53120K, reserved 1099776K
  class space    used 6980K, capacity 7505K, committed 7552K, reserved 1048576K
Event: 20.813 GC heap after
Heap after GC invocations=13 (full 3):
 PSYoungGen      total 113664K, used 14332K [0x00000000d5580000, 0x00000000de180000, 0x0000000100000000)
  eden space 99328K, 0% used [0x00000000d5580000,0x00000000d5580000,0x00000000db680000)
  from space 14336K, 99% used [0x00000000dc980000,0x00000000dd77f300,0x00000000dd780000)
  to   space 19456K, 0% used [0x00000000db680000,0x00000000db680000,0x00000000dc980000)
 ParOldGen       total 98816K, used 22367K [0x0000000080000000, 0x0000000086080000, 0x00000000d5580000)
  object space 98816K, 22% used [0x0000000080000000,0x00000000815d7d58,0x0000000086080000)
 Metaspace       used 50501K, capacity 52852K, committed 53120K, reserved 1099776K
  class space    used 6980K, capacity 7505K, committed 7552K, reserved 1048576K
}
Event: 21.127 GC heap before
{Heap before GC invocations=14 (full 3):
 PSYoungGen      total 113664K, used 55894K [0x00000000d5580000, 0x00000000de180000, 0x0000000100000000)
  eden space 99328K, 41% used [0x00000000d5580000,0x00000000d7e16750,0x00000000db680000)
  from space 14336K, 99% used [0x00000000dc980000,0x00000000dd77f300,0x00000000dd780000)
  to   space 19456K, 0% used [0x00000000db680000,0x00000000db680000,0x00000000dc980000)
 ParOldGen       total 98816K, used 22367K [0x0000000080000000, 0x0000000086080000, 0x00000000d5580000)
  object space 98816K, 22% used [0x0000000080000000,0x00000000815d7d58,0x0000000086080000)
 Metaspace       used 53563K, capacity 55950K, committed 56012K, reserved 1101824K
  class space    used 7341K, capacity 7857K, committed 7884K, reserved 1048576K
Event: 21.137 GC heap after
Heap after GC invocations=14 (full 3):
 PSYoungGen      total 118784K, used 18399K [0x00000000d5580000, 0x00000000de480000, 0x0000000100000000)
  eden space 99328K, 0% used [0x00000000d5580000,0x00000000d5580000,0x00000000db680000)
  from space 19456K, 94% used [0x00000000db680000,0x00000000dc877cc0,0x00000000dc980000)
  to   space 22016K, 0% used [0x00000000dcf00000,0x00000000dcf00000,0x00000000de480000)
 ParOldGen       total 98816K, used 22439K [0x0000000080000000, 0x0000000086080000, 0x00000000d5580000)
  object space 98816K, 22% used [0x0000000080000000,0x00000000815e9d68,0x0000000086080000)
 Metaspace       used 53563K, capacity 55950K, committed 56012K, reserved 1101824K
  class space    used 7341K, capacity 7857K, committed 7884K, reserved 1048576K
}
Event: 21.137 GC heap before
{Heap before GC invocations=15 (full 4):
 PSYoungGen      total 118784K, used 18399K [0x00000000d5580000, 0x00000000de480000, 0x0000000100000000)
  eden space 99328K, 0% used [0x00000000d5580000,0x00000000d5580000,0x00000000db680000)
  from space 19456K, 94% used [0x00000000db680000,0x00000000dc877cc0,0x00000000dc980000)
  to   space 22016K, 0% used [0x00000000dcf00000,0x00000000dcf00000,0x00000000de480000)
 ParOldGen       total 98816K, used 22439K [0x0000000080000000, 0x0000000086080000, 0x00000000d5580000)
  object space 98816K, 22% used [0x0000000080000000,0x00000000815e9d68,0x0000000086080000)
 Metaspace       used 53563K, capacity 55950K, committed 56012K, reserved 1101824K
  class space    used 7341K, capacity 7857K, committed 7884K, reserved 1048576K
Event: 21.196 GC heap after
Heap after GC invocations=15 (full 4):
 PSYoungGen      total 118784K, used 0K [0x00000000d5580000, 0x00000000de480000, 0x0000000100000000)
  eden space 99328K, 0% used [0x00000000d5580000,0x00000000d5580000,0x00000000db680000)
  from space 19456K, 0% used [0x00000000db680000,0x00000000db680000,0x00000000dc980000)
  to   space 22016K, 0% used [0x00000000dcf00000,0x00000000dcf00000,0x00000000de480000)
 ParOldGen       total 382976K, used 30027K [0x0000000080000000, 0x0000000097600000, 0x00000000d5580000)
  object space 382976K, 7% used [0x0000000080000000,0x0000000081d52ee0,0x0000000097600000)
 Metaspace       used 53527K, capacity 55830K, committed 56012K, reserved 1099776K
  class space    used 7330K, capacity 7837K, committed 7884K, reserved 1048576K
}

