# JRE version: OpenJDK Runtime Environment (8.0_242-b01) (build 1.8.0_242-release-1644-b01)
# Java VM: OpenJDK 64-Bit Server VM (25.242-b01 mixed mode windows-amd64 compressed oops)
Heap:
 PSYoungGen      total 322048K, used 220555K [0x00000000d5580000, 0x00000000eaa80000, 0x0000000100000000)
  eden space 297984K, 65% used [0x00000000d5580000,0x00000000e15653f0,0x00000000e7880000)
  from space 24064K, 99% used [0x00000000e7880000,0x00000000e8ffda70,0x00000000e9000000)
  to   space 16384K, 0% used [0x00000000e9000000,0x00000000e9000000,0x00000000ea000000)
 ParOldGen       total 238080K, used 44903K [0x0000000080000000, 0x000000008e880000, 0x00000000d5580000)
  object space 238080K, 18% used [0x0000000080000000,0x0000000082bd9fc8,0x000000008e880000)
 Metaspace       used 72406K, capacity 75954K, committed 76184K, reserved 1114112K
  class space    used 9861K, capacity 10607K, committed 10672K, reserved 1048576K
GC Heap History (10 events):
Event: 2.494 GC heap before
{Heap before GC invocations=8 (full 2):
 PSYoungGen      total 222208K, used 9319K [0x00000000d5580000, 0x00000000e3d80000, 0x0000000100000000)
  eden space 207872K, 0% used [0x00000000d5580000,0x00000000d5580000,0x00000000e2080000)
  from space 14336K, 65% used [0x00000000e2f80000,0x00000000e3899df8,0x00000000e3d80000)
  to   space 14848K, 0% used [0x00000000e2080000,0x00000000e2080000,0x00000000e2f00000)
 ParOldGen       total 97280K, used 10890K [0x0000000080000000, 0x0000000085f00000, 0x00000000d5580000)
  object space 97280K, 11% used [0x0000000080000000,0x0000000080aa2868,0x0000000085f00000)
 Metaspace       used 34269K, capacity 35432K, committed 35496K, reserved 1079296K
  class space    used 4722K, capacity 5033K, committed 5040K, reserved 1048576K
Event: 2.526 GC heap after
Heap after GC invocations=8 (full 2):
 PSYoungGen      total 222208K, used 0K [0x00000000d5580000, 0x00000000e3d80000, 0x0000000100000000)
  eden space 207872K, 0% used [0x00000000d5580000,0x00000000d5580000,0x00000000e2080000)
  from space 14336K, 0% used [0x00000000e2f80000,0x00000000e2f80000,0x00000000e3d80000)
  to   space 14848K, 0% used [0x00000000e2080000,0x00000000e2080000,0x00000000e2f00000)
 ParOldGen       total 152064K, used 15657K [0x0000000080000000, 0x0000000089480000, 0x00000000d5580000)
  object space 152064K, 10% used [0x0000000080000000,0x0000000080f4a710,0x0000000089480000)
 Metaspace       used 34269K, capacity 35432K, committed 35496K, reserved 1079296K
  class space    used 4722K, capacity 5033K, committed 5040K, reserved 1048576K
}
Event: 3.336 GC heap before
{Heap before GC invocations=9 (full 2):
 PSYoungGen      total 222208K, used 207872K [0x00000000d5580000, 0x00000000e3d80000, 0x0000000100000000)
  eden space 207872K, 100% used [0x00000000d5580000,0x00000000e2080000,0x00000000e2080000)
  from space 14336K, 0% used [0x00000000e2f80000,0x00000000e2f80000,0x00000000e3d80000)
  to   space 14848K, 0% used [0x00000000e2080000,0x00000000e2080000,0x00000000e2f00000)
 ParOldGen       total 152064K, used 15657K [0x0000000080000000, 0x0000000089480000, 0x00000000d5580000)
  object space 152064K, 10% used [0x0000000080000000,0x0000000080f4a710,0x0000000089480000)
 Metaspace       used 43279K, capacity 45186K, committed 45480K, reserved 1089536K
  class space    used 5867K, capacity 6315K, committed 6320K, reserved 1048576K
Event: 3.345 GC heap after
Heap after GC invocations=9 (full 2):
 PSYoungGen      total 222720K, used 14040K [0x00000000d5580000, 0x00000000ea000000, 0x0000000100000000)
  eden space 207872K, 0% used [0x00000000d5580000,0x00000000d5580000,0x00000000e2080000)
  from space 14848K, 94% used [0x00000000e2080000,0x00000000e2e36078,0x00000000e2f00000)
  to   space 16384K, 0% used [0x00000000e9000000,0x00000000e9000000,0x00000000ea000000)
 ParOldGen       total 152064K, used 15665K [0x0000000080000000, 0x0000000089480000, 0x00000000d5580000)
  object space 152064K, 10% used [0x0000000080000000,0x0000000080f4c710,0x0000000089480000)
 Metaspace       used 43279K, capacity 45186K, committed 45480K, reserved 1089536K
  class space    used 5867K, capacity 6315K, committed 6320K, reserved 1048576K
}
Event: 4.566 GC heap before
{Heap before GC invocations=10 (full 2):
 PSYoungGen      total 222720K, used 207204K [0x00000000d5580000, 0x00000000ea000000, 0x0000000100000000)
  eden space 207872K, 92% used [0x00000000d5580000,0x00000000e1222fa8,0x00000000e2080000)
  from space 14848K, 94% used [0x00000000e2080000,0x00000000e2e36078,0x00000000e2f00000)
  to   space 16384K, 0% used [0x00000000e9000000,0x00000000e9000000,0x00000000ea000000)
 ParOldGen       total 152064K, used 15665K [0x0000000080000000, 0x0000000089480000, 0x00000000d5580000)
  object space 152064K, 10% used [0x0000000080000000,0x0000000080f4c710,0x0000000089480000)
 Metaspace       used 56752K, capacity 59080K, committed 59160K, reserved 1099776K
  class space    used 7717K, capacity 8228K, committed 8240K, reserved 1048576K
Event: 4.585 GC heap after
Heap after GC invocations=10 (full 2):
 PSYoungGen      total 314368K, used 16356K [0x00000000d5580000, 0x00000000eaa80000, 0x0000000100000000)
  eden space 297984K, 0% used [0x00000000d5580000,0x00000000d5580000,0x00000000e7880000)
  from space 16384K, 99% used [0x00000000e9000000,0x00000000e9ff9310,0x00000000ea000000)
  to   space 24064K, 0% used [0x00000000e7880000,0x00000000e7880000,0x00000000e9000000)
 ParOldGen       total 152064K, used 28381K [0x0000000080000000, 0x0000000089480000, 0x00000000d5580000)
  object space 152064K, 18% used [0x0000000080000000,0x0000000081bb77c8,0x0000000089480000)
 Metaspace       used 56752K, capacity 59080K, committed 59160K, reserved 1099776K
  class space    used 7717K, capacity 8228K, committed 8240K, reserved 1048576K
}
Event: 4.585 GC heap before
{Heap before GC invocations=11 (full 3):
 PSYoungGen      total 314368K, used 16356K [0x00000000d5580000, 0x00000000eaa80000, 0x0000000100000000)
  eden space 297984K, 0% used [0x00000000d5580000,0x00000000d5580000,0x00000000e7880000)
  from space 16384K, 99% used [0x00000000e9000000,0x00000000e9ff9310,0x00000000ea000000)
  to   space 24064K, 0% used [0x00000000e7880000,0x00000000e7880000,0x00000000e9000000)
 ParOldGen       total 152064K, used 28381K [0x0000000080000000, 0x0000000089480000, 0x00000000d5580000)
  object space 152064K, 18% used [0x0000000080000000,0x0000000081bb77c8,0x0000000089480000)
 Metaspace       used 56752K, capacity 59080K, committed 59160K, reserved 1099776K
  class space    used 7717K, capacity 8228K, committed 8240K, reserved 1048576K
Event: 4.771 GC heap after
Heap after GC invocations=11 (full 3):
 PSYoungGen      total 314368K, used 0K [0x00000000d5580000, 0x00000000eaa80000, 0x0000000100000000)
  eden space 297984K, 0% used [0x00000000d5580000,0x00000000d5580000,0x00000000e7880000)
  from space 16384K, 0% used [0x00000000e9000000,0x00000000e9000000,0x00000000ea000000)
  to   space 24064K, 0% used [0x00000000e7880000,0x00000000e7880000,0x00000000e9000000)
 ParOldGen       total 238080K, used 41687K [0x0000000080000000, 0x000000008e880000, 0x00000000d5580000)
  object space 238080K, 17% used [0x0000000080000000,0x00000000828b5cc0,0x000000008e880000)
 Metaspace       used 56705K, capacity 58918K, committed 59160K, reserved 1099776K
  class space    used 7702K, capacity 8201K, committed 8240K, reserved 1048576K
}
Event: 9.340 GC heap before
{Heap before GC invocations=12 (full 3):
 PSYoungGen      total 314368K, used 297984K [0x00000000d5580000, 0x00000000eaa80000, 0x0000000100000000)
  eden space 297984K, 100% used [0x00000000d5580000,0x00000000e7880000,0x00000000e7880000)
  from space 16384K, 0% used [0x00000000e9000000,0x00000000e9000000,0x00000000ea000000)
  to   space 24064K, 0% used [0x00000000e7880000,0x00000000e7880000,0x00000000e9000000)
 ParOldGen       total 238080K, used 41687K [0x0000000080000000, 0x000000008e880000, 0x00000000d5580000)
  object space 238080K, 17% used [0x0000000080000000,0x00000000828b5cc0,0x000000008e880000)
 Metaspace       used 70832K, capacity 74376K, committed 74520K, reserved 1114112K
  class space    used 9724K, capacity 10454K, committed 10544K, reserved 1048576K
Event: 9.358 GC heap after
Heap after GC invocations=12 (full 3):
 PSYoungGen      total 322048K, used 24054K [0x00000000d5580000, 0x00000000eaa80000, 0x0000000100000000)
  eden space 297984K, 0% used [0x00000000d5580000,0x00000000d5580000,0x00000000e7880000)
  from space 24064K, 99% used [0x00000000e7880000,0x00000000e8ffda70,0x00000000e9000000)
  to   space 16384K, 0% used [0x00000000e9000000,0x00000000e9000000,0x00000000ea000000)
 ParOldGen       total 238080K, used 44903K [0x0000000080000000, 0x000000008e880000, 0x00000000d5580000)
  object space 238080K, 18% used [0x0000000080000000,0x0000000082bd9fc8,0x000000008e880000)
 Metaspace       used 70832K, capacity 74376K, committed 74520K, reserved 1114112K
  class space    used 9724K, capacity 10454K, committed 10544K, reserved 1048576K
}

