# JRE version: Java(TM) SE Runtime Environment (8.0_301-b09) (build 1.8.0_301-b09)
# Java VM: Java HotSpot(TM) 64-Bit Server VM (25.301-b09 mixed mode windows-amd64 compressed oops)
Heap:
 PSYoungGen      total 218112K, used 51084K [0x00000000d5580000, 0x00000000e4400000, 0x0000000100000000)
  eden space 203776K, 25% used [0x00000000d5580000,0x00000000d8763138,0x00000000e1c80000)
  from space 14336K, 0% used [0x00000000e2a80000,0x00000000e2a80000,0x00000000e3880000)
  to   space 14336K, 0% used [0x00000000e1c80000,0x00000000e1c80000,0x00000000e2a80000)
 ParOldGen       total 158208K, used 14807K [0x0000000080000000, 0x0000000089a80000, 0x00000000d5580000)
  object space 158208K, 9% used [0x0000000080000000,0x0000000080e75dc0,0x0000000089a80000)
 Metaspace       used 36570K, capacity 38102K, committed 38272K, reserved 1081344K
  class space    used 5167K, capacity 5488K, committed 5504K, reserved 1048576K
GC Heap History (10 events):
Event: 1.679 GC heap before
{Heap before GC invocations=4 (full 0):
 PSYoungGen      total 75776K, used 32650K [0x00000000d5580000, 0x00000000de980000, 0x0000000100000000)
  eden space 65024K, 33% used [0x00000000d5580000,0x00000000d6ae7708,0x00000000d9500000)
  from space 10752K, 99% used [0x00000000d9500000,0x00000000d9f7b4e0,0x00000000d9f80000)
  to   space 10752K, 0% used [0x00000000ddf00000,0x00000000ddf00000,0x00000000de980000)
 ParOldGen       total 173568K, used 116K [0x0000000080000000, 0x000000008a980000, 0x00000000d5580000)
  object space 173568K, 0% used [0x0000000080000000,0x000000008001d130,0x000000008a980000)
 Metaspace       used 20409K, capacity 21132K, committed 21248K, reserved 1067008K
  class space    used 3019K, capacity 3246K, committed 3328K, reserved 1048576K
Event: 1.684 GC heap after
Heap after GC invocations=4 (full 0):
 PSYoungGen      total 140800K, used 8666K [0x00000000d5580000, 0x00000000de980000, 0x0000000100000000)
  eden space 130048K, 0% used [0x00000000d5580000,0x00000000d5580000,0x00000000dd480000)
  from space 10752K, 80% used [0x00000000ddf00000,0x00000000de776938,0x00000000de980000)
  to   space 10752K, 0% used [0x00000000dd480000,0x00000000dd480000,0x00000000ddf00000)
 ParOldGen       total 173568K, used 124K [0x0000000080000000, 0x000000008a980000, 0x00000000d5580000)
  object space 173568K, 0% used [0x0000000080000000,0x000000008001f130,0x000000008a980000)
 Metaspace       used 20409K, capacity 21132K, committed 21248K, reserved 1067008K
  class space    used 3019K, capacity 3246K, committed 3328K, reserved 1048576K
}
Event: 1.684 GC heap before
{Heap before GC invocations=5 (full 1):
 PSYoungGen      total 140800K, used 8666K [0x00000000d5580000, 0x00000000de980000, 0x0000000100000000)
  eden space 130048K, 0% used [0x00000000d5580000,0x00000000d5580000,0x00000000dd480000)
  from space 10752K, 80% used [0x00000000ddf00000,0x00000000de776938,0x00000000de980000)
  to   space 10752K, 0% used [0x00000000dd480000,0x00000000dd480000,0x00000000ddf00000)
 ParOldGen       total 173568K, used 124K [0x0000000080000000, 0x000000008a980000, 0x00000000d5580000)
  object space 173568K, 0% used [0x0000000080000000,0x000000008001f130,0x000000008a980000)
 Metaspace       used 20409K, capacity 21132K, committed 21248K, reserved 1067008K
  class space    used 3019K, capacity 3246K, committed 3328K, reserved 1048576K
Event: 1.705 GC heap after
Heap after GC invocations=5 (full 1):
 PSYoungGen      total 140800K, used 0K [0x00000000d5580000, 0x00000000de980000, 0x0000000100000000)
  eden space 130048K, 0% used [0x00000000d5580000,0x00000000d5580000,0x00000000dd480000)
  from space 10752K, 0% used [0x00000000ddf00000,0x00000000ddf00000,0x00000000de980000)
  to   space 10752K, 0% used [0x00000000dd480000,0x00000000dd480000,0x00000000ddf00000)
 ParOldGen       total 100352K, used 8419K [0x0000000080000000, 0x0000000086200000, 0x00000000d5580000)
  object space 100352K, 8% used [0x0000000080000000,0x0000000080838c68,0x0000000086200000)
 Metaspace       used 20409K, capacity 21132K, committed 21248K, reserved 1067008K
  class space    used 3019K, capacity 3246K, committed 3328K, reserved 1048576K
}
Event: 2.441 GC heap before
{Heap before GC invocations=6 (full 1):
 PSYoungGen      total 140800K, used 130048K [0x00000000d5580000, 0x00000000de980000, 0x0000000100000000)
  eden space 130048K, 100% used [0x00000000d5580000,0x00000000dd480000,0x00000000dd480000)
  from space 10752K, 0% used [0x00000000ddf00000,0x00000000ddf00000,0x00000000de980000)
  to   space 10752K, 0% used [0x00000000dd480000,0x00000000dd480000,0x00000000ddf00000)
 ParOldGen       total 100352K, used 8419K [0x0000000080000000, 0x0000000086200000, 0x00000000d5580000)
  object space 100352K, 8% used [0x0000000080000000,0x0000000080838c68,0x0000000086200000)
 Metaspace       used 33307K, capacity 34460K, committed 34688K, reserved 1079296K
  class space    used 4663K, capacity 4933K, committed 4992K, reserved 1048576K
Event: 2.449 GC heap after
Heap after GC invocations=6 (full 1):
 PSYoungGen      total 140800K, used 10734K [0x00000000d5580000, 0x00000000e3880000, 0x0000000100000000)
  eden space 130048K, 0% used [0x00000000d5580000,0x00000000d5580000,0x00000000dd480000)
  from space 10752K, 99% used [0x00000000dd480000,0x00000000ddefbbd8,0x00000000ddf00000)
  to   space 14336K, 0% used [0x00000000e2a80000,0x00000000e2a80000,0x00000000e3880000)
 ParOldGen       total 100352K, used 11101K [0x0000000080000000, 0x0000000086200000, 0x00000000d5580000)
  object space 100352K, 11% used [0x0000000080000000,0x0000000080ad7560,0x0000000086200000)
 Metaspace       used 33307K, capacity 34460K, committed 34688K, reserved 1079296K
  class space    used 4663K, capacity 4933K, committed 4992K, reserved 1048576K
}
Event: 2.579 GC heap before
{Heap before GC invocations=7 (full 1):
 PSYoungGen      total 140800K, used 42896K [0x00000000d5580000, 0x00000000e3880000, 0x0000000100000000)
  eden space 130048K, 24% used [0x00000000d5580000,0x00000000d74e84b8,0x00000000dd480000)
  from space 10752K, 99% used [0x00000000dd480000,0x00000000ddefbbd8,0x00000000ddf00000)
  to   space 14336K, 0% used [0x00000000e2a80000,0x00000000e2a80000,0x00000000e3880000)
 ParOldGen       total 100352K, used 11101K [0x0000000080000000, 0x0000000086200000, 0x00000000d5580000)
  object space 100352K, 11% used [0x0000000080000000,0x0000000080ad7560,0x0000000086200000)
 Metaspace       used 34168K, capacity 35372K, committed 35416K, reserved 1079296K
  class space    used 4783K, capacity 5081K, committed 5120K, reserved 1048576K
Event: 2.585 GC heap after
Heap after GC invocations=7 (full 1):
 PSYoungGen      total 218112K, used 7916K [0x00000000d5580000, 0x00000000e4400000, 0x0000000100000000)
  eden space 203776K, 0% used [0x00000000d5580000,0x00000000d5580000,0x00000000e1c80000)
  from space 14336K, 55% used [0x00000000e2a80000,0x00000000e323b178,0x00000000e3880000)
  to   space 14336K, 0% used [0x00000000e1c80000,0x00000000e1c80000,0x00000000e2a80000)
 ParOldGen       total 100352K, used 11109K [0x0000000080000000, 0x0000000086200000, 0x00000000d5580000)
  object space 100352K, 11% used [0x0000000080000000,0x0000000080ad9560,0x0000000086200000)
 Metaspace       used 34168K, capacity 35372K, committed 35416K, reserved 1079296K
  class space    used 4783K, capacity 5081K, committed 5120K, reserved 1048576K
}
Event: 2.585 GC heap before
{Heap before GC invocations=8 (full 2):
 PSYoungGen      total 218112K, used 7916K [0x00000000d5580000, 0x00000000e4400000, 0x0000000100000000)
  eden space 203776K, 0% used [0x00000000d5580000,0x00000000d5580000,0x00000000e1c80000)
  from space 14336K, 55% used [0x00000000e2a80000,0x00000000e323b178,0x00000000e3880000)
  to   space 14336K, 0% used [0x00000000e1c80000,0x00000000e1c80000,0x00000000e2a80000)
 ParOldGen       total 100352K, used 11109K [0x0000000080000000, 0x0000000086200000, 0x00000000d5580000)
  object space 100352K, 11% used [0x0000000080000000,0x0000000080ad9560,0x0000000086200000)
 Metaspace       used 34168K, capacity 35372K, committed 35416K, reserved 1079296K
  class space    used 4783K, capacity 5081K, committed 5120K, reserved 1048576K
Event: 2.625 GC heap after
Heap after GC invocations=8 (full 2):
 PSYoungGen      total 218112K, used 0K [0x00000000d5580000, 0x00000000e4400000, 0x0000000100000000)
  eden space 203776K, 0% used [0x00000000d5580000,0x00000000d5580000,0x00000000e1c80000)
  from space 14336K, 0% used [0x00000000e2a80000,0x00000000e2a80000,0x00000000e3880000)
  to   space 14336K, 0% used [0x00000000e1c80000,0x00000000e1c80000,0x00000000e2a80000)
 ParOldGen       total 158208K, used 14807K [0x0000000080000000, 0x0000000089a80000, 0x00000000d5580000)
  object space 158208K, 9% used [0x0000000080000000,0x0000000080e75dc0,0x0000000089a80000)
 Metaspace       used 34168K, capacity 35372K, committed 35416K, reserved 1079296K
  class space    used 4783K, capacity 5081K, committed 5120K, reserved 1048576K
}

