# JRE version: OpenJDK Runtime Environment (8.0_242-b01) (build 1.8.0_242-release-1644-b01)
# Java VM: OpenJDK 64-Bit Server VM (25.242-b01 mixed mode windows-amd64 compressed oops)
Heap:
 PSYoungGen      total 427008K, used 199294K [0x00000000d5580000, 0x00000000f6700000, 0x0000000100000000)
  eden space 376832K, 43% used [0x00000000d5580000,0x00000000df619298,0x00000000ec580000)
  from space 50176K, 69% used [0x00000000ec580000,0x00000000ee786728,0x00000000ef680000)
  to   space 52224K, 0% used [0x00000000f3400000,0x00000000f3400000,0x00000000f6700000)
 ParOldGen       total 242176K, used 97751K [0x0000000080000000, 0x000000008ec80000, 0x00000000d5580000)
  object space 242176K, 40% used [0x0000000080000000,0x0000000085f75c88,0x000000008ec80000)
 Metaspace       used 90314K, capacity 94732K, committed 94872K, reserved 1132544K
  class space    used 11849K, capacity 12687K, committed 12720K, reserved 1048576K
GC Heap History (10 events):
Event: 12.166 GC heap before
{Heap before GC invocations=12 (full 3):
 PSYoungGen      total 308736K, used 291840K [0x00000000d5580000, 0x00000000ea500000, 0x0000000100000000)
  eden space 291840K, 100% used [0x00000000d5580000,0x00000000e7280000,0x00000000e7280000)
  from space 16896K, 0% used [0x00000000e8a00000,0x00000000e8a00000,0x00000000e9a80000)
  to   space 24064K, 0% used [0x00000000e7280000,0x00000000e7280000,0x00000000e8a00000)
 ParOldGen       total 242176K, used 41464K [0x0000000080000000, 0x000000008ec80000, 0x00000000d5580000)
  object space 242176K, 17% used [0x0000000080000000,0x000000008287e1a0,0x000000008ec80000)
 Metaspace       used 74446K, capacity 78116K, committed 78488K, reserved 1116160K
  class space    used 10071K, capacity 10803K, committed 10928K, reserved 1048576K
Event: 12.182 GC heap after
Heap after GC invocations=12 (full 3):
 PSYoungGen      total 315904K, used 24049K [0x00000000d5580000, 0x00000000ed980000, 0x0000000100000000)
  eden space 291840K, 0% used [0x00000000d5580000,0x00000000d5580000,0x00000000e7280000)
  from space 24064K, 99% used [0x00000000e7280000,0x00000000e89fc5f8,0x00000000e8a00000)
  to   space 29696K, 0% used [0x00000000ebc80000,0x00000000ebc80000,0x00000000ed980000)
 ParOldGen       total 242176K, used 46812K [0x0000000080000000, 0x000000008ec80000, 0x00000000d5580000)
  object space 242176K, 19% used [0x0000000080000000,0x0000000082db72b8,0x000000008ec80000)
 Metaspace       used 74446K, capacity 78116K, committed 78488K, reserved 1116160K
  class space    used 10071K, capacity 10803K, committed 10928K, reserved 1048576K
}
Event: 13.604 GC heap before
{Heap before GC invocations=13 (full 3):
 PSYoungGen      total 315904K, used 315889K [0x00000000d5580000, 0x00000000ed980000, 0x0000000100000000)
  eden space 291840K, 100% used [0x00000000d5580000,0x00000000e7280000,0x00000000e7280000)
  from space 24064K, 99% used [0x00000000e7280000,0x00000000e89fc5f8,0x00000000e8a00000)
  to   space 29696K, 0% used [0x00000000ebc80000,0x00000000ebc80000,0x00000000ed980000)
 ParOldGen       total 242176K, used 46812K [0x0000000080000000, 0x000000008ec80000, 0x00000000d5580000)
  object space 242176K, 19% used [0x0000000080000000,0x0000000082db72b8,0x000000008ec80000)
 Metaspace       used 76302K, capacity 80042K, committed 80152K, reserved 1118208K
  class space    used 10208K, capacity 10956K, committed 11056K, reserved 1048576K
Event: 13.625 GC heap after
Heap after GC invocations=13 (full 3):
 PSYoungGen      total 356864K, used 29683K [0x00000000d5580000, 0x00000000eef00000, 0x0000000100000000)
  eden space 327168K, 0% used [0x00000000d5580000,0x00000000d5580000,0x00000000e9500000)
  from space 29696K, 99% used [0x00000000ebc80000,0x00000000ed97cea0,0x00000000ed980000)
  to   space 40448K, 0% used [0x00000000e9500000,0x00000000e9500000,0x00000000ebc80000)
 ParOldGen       total 242176K, used 64748K [0x0000000080000000, 0x000000008ec80000, 0x00000000d5580000)
  object space 242176K, 26% used [0x0000000080000000,0x0000000083f3b2a8,0x000000008ec80000)
 Metaspace       used 76302K, capacity 80042K, committed 80152K, reserved 1118208K
  class space    used 10208K, capacity 10956K, committed 11056K, reserved 1048576K
}
Event: 15.830 GC heap before
{Heap before GC invocations=14 (full 3):
 PSYoungGen      total 356864K, used 356851K [0x00000000d5580000, 0x00000000eef00000, 0x0000000100000000)
  eden space 327168K, 100% used [0x00000000d5580000,0x00000000e9500000,0x00000000e9500000)
  from space 29696K, 99% used [0x00000000ebc80000,0x00000000ed97cea0,0x00000000ed980000)
  to   space 40448K, 0% used [0x00000000e9500000,0x00000000e9500000,0x00000000ebc80000)
 ParOldGen       total 242176K, used 64748K [0x0000000080000000, 0x000000008ec80000, 0x00000000d5580000)
  object space 242176K, 26% used [0x0000000080000000,0x0000000083f3b2a8,0x000000008ec80000)
 Metaspace       used 83225K, capacity 87144K, committed 87320K, reserved 1124352K
  class space    used 10993K, capacity 11775K, committed 11824K, reserved 1048576K
Event: 15.858 GC heap after
Heap after GC invocations=14 (full 3):
 PSYoungGen      total 367616K, used 40440K [0x00000000d5580000, 0x00000000f2600000, 0x0000000100000000)
  eden space 327168K, 0% used [0x00000000d5580000,0x00000000d5580000,0x00000000e9500000)
  from space 40448K, 99% used [0x00000000e9500000,0x00000000ebc7e378,0x00000000ebc80000)
  to   space 48640K, 0% used [0x00000000ef680000,0x00000000ef680000,0x00000000f2600000)
 ParOldGen       total 242176K, used 69777K [0x0000000080000000, 0x000000008ec80000, 0x00000000d5580000)
  object space 242176K, 28% used [0x0000000080000000,0x00000000844247f0,0x000000008ec80000)
 Metaspace       used 83225K, capacity 87144K, committed 87320K, reserved 1124352K
  class space    used 10993K, capacity 11775K, committed 11824K, reserved 1048576K
}
Event: 16.933 GC heap before
{Heap before GC invocations=15 (full 3):
 PSYoungGen      total 367616K, used 367608K [0x00000000d5580000, 0x00000000f2600000, 0x0000000100000000)
  eden space 327168K, 100% used [0x00000000d5580000,0x00000000e9500000,0x00000000e9500000)
  from space 40448K, 99% used [0x00000000e9500000,0x00000000ebc7e378,0x00000000ebc80000)
  to   space 48640K, 0% used [0x00000000ef680000,0x00000000ef680000,0x00000000f2600000)
 ParOldGen       total 242176K, used 69777K [0x0000000080000000, 0x000000008ec80000, 0x00000000d5580000)
  object space 242176K, 28% used [0x0000000080000000,0x00000000844247f0,0x000000008ec80000)
 Metaspace       used 85109K, capacity 89268K, committed 89368K, reserved 1126400K
  class space    used 11213K, capacity 12041K, committed 12080K, reserved 1048576K
Event: 16.965 GC heap after
Heap after GC invocations=15 (full 3):
 PSYoungGen      total 425472K, used 32241K [0x00000000d5580000, 0x00000000f3280000, 0x0000000100000000)
  eden space 376832K, 0% used [0x00000000d5580000,0x00000000d5580000,0x00000000ec580000)
  from space 48640K, 66% used [0x00000000ef680000,0x00000000f15fc6c0,0x00000000f2600000)
  to   space 50176K, 0% used [0x00000000ec580000,0x00000000ec580000,0x00000000ef680000)
 ParOldGen       total 242176K, used 97743K [0x0000000080000000, 0x000000008ec80000, 0x00000000d5580000)
  object space 242176K, 40% used [0x0000000080000000,0x0000000085f73c88,0x000000008ec80000)
 Metaspace       used 85109K, capacity 89268K, committed 89368K, reserved 1126400K
  class space    used 11213K, capacity 12041K, committed 12080K, reserved 1048576K
}
Event: 20.360 GC heap before
{Heap before GC invocations=16 (full 3):
 PSYoungGen      total 425472K, used 409073K [0x00000000d5580000, 0x00000000f3280000, 0x0000000100000000)
  eden space 376832K, 100% used [0x00000000d5580000,0x00000000ec580000,0x00000000ec580000)
  from space 48640K, 66% used [0x00000000ef680000,0x00000000f15fc6c0,0x00000000f2600000)
  to   space 50176K, 0% used [0x00000000ec580000,0x00000000ec580000,0x00000000ef680000)
 ParOldGen       total 242176K, used 97743K [0x0000000080000000, 0x000000008ec80000, 0x00000000d5580000)
  object space 242176K, 40% used [0x0000000080000000,0x0000000085f73c88,0x000000008ec80000)
 Metaspace       used 88933K, capacity 93210K, committed 93464K, reserved 1130496K
  class space    used 11656K, capacity 12480K, committed 12592K, reserved 1048576K
Event: 20.377 GC heap after
Heap after GC invocations=16 (full 3):
 PSYoungGen      total 427008K, used 34841K [0x00000000d5580000, 0x00000000f6700000, 0x0000000100000000)
  eden space 376832K, 0% used [0x00000000d5580000,0x00000000d5580000,0x00000000ec580000)
  from space 50176K, 69% used [0x00000000ec580000,0x00000000ee786728,0x00000000ef680000)
  to   space 52224K, 0% used [0x00000000f3400000,0x00000000f3400000,0x00000000f6700000)
 ParOldGen       total 242176K, used 97751K [0x0000000080000000, 0x000000008ec80000, 0x00000000d5580000)
  object space 242176K, 40% used [0x0000000080000000,0x0000000085f75c88,0x000000008ec80000)
 Metaspace       used 88933K, capacity 93210K, committed 93464K, reserved 1130496K
  class space    used 11656K, capacity 12480K, committed 12592K, reserved 1048576K
}

